<?xml version="1.0" encoding="UTF-8"?>
<!-- Generated by org.testng.reporters.JUnitReportReporter -->
<testsuite skipped="0" hostname="SaleJul" name="com.qaworld.Navigator" tests="10" failures="0" timestamp="2020-01-28T20:20:00 CET" time="109.876" errors="0">
  <testcase name="test1" time="10.247" classname="com.qaworld.Navigator"/>
  <system-out/>
  <testcase name="test1" time="11.073" classname="com.qaworld.Navigator"/>
  <system-out/>
  <testcase name="test1" time="10.502" classname="com.qaworld.Navigator"/>
  <system-out/>
  <testcase name="test1" time="10.721" classname="com.qaworld.Navigator"/>
  <system-out/>
  <testcase name="test1" time="10.310" classname="com.qaworld.Navigator"/>
  <system-out/>
  <testcase name="test1" time="15.712" classname="com.qaworld.Navigator"/>
  <system-out/>
  <testcase name="test1" time="10.404" classname="com.qaworld.Navigator"/>
  <system-out/>
  <testcase name="test1" time="10.410" classname="com.qaworld.Navigator"/>
  <system-out/>
  <testcase name="test1" time="10.395" classname="com.qaworld.Navigator"/>
  <system-out/>
  <testcase name="test1" time="10.102" classname="com.qaworld.Navigator"/>
  <system-out/>
</testsuite> <!-- com.qaworld.Navigator -->
