<?xml version="1.0" encoding="UTF-8"?>
<!-- Generated by org.testng.reporters.JUnitReportReporter -->
<testsuite skipped="0" hostname="SaleJul" name="com.qaworld.EBayAdvancedSearch_Sanity" tests="4" failures="0" timestamp="2020-01-28T19:23:41 CET" time="83.114" errors="0">
  <testcase name="categoryOptionsInAscendingOrderTest" time="16.417" classname="com.qaworld.EBayAdvancedSearch_Sanity"/>
  <system-out/>
  <testcase name="emptyAdvancedSearchTest" time="25.764" classname="com.qaworld.EBayAdvancedSearch_Sanity"/>
  <system-out/>
  <testcase name="ebayLinkLogoNavigatesToHomepageTest" time="19.410" classname="com.qaworld.EBayAdvancedSearch_Sanity"/>
  <system-out/>
  <testcase name="advancedSearchKeywordsTest" time="21.523" classname="com.qaworld.EBayAdvancedSearch_Sanity"/>
  <system-out/>
</testsuite> <!-- com.qaworld.EBayAdvancedSearch_Sanity -->
