<?xml version="1.0" encoding="UTF-8"?>
<!-- Generated by org.testng.reporters.JUnitReportReporter -->
<testsuite skipped="0" hostname="SaleJul" name="com.qaworld.EBayHomePage_Sanity" tests="1" failures="0" timestamp="2020-01-28T16:16:26 CET" time="24.503" errors="0">
  <testcase name="emptySearchTest" time="24.503" classname="com.qaworld.EBayHomePage_Sanity"/>
  <system-out/>
</testsuite> <!-- com.qaworld.EBayHomePage_Sanity -->
