<?xml version="1.0" encoding="UTF-8"?>
<!-- Generated by org.testng.reporters.JUnitReportReporter -->
<testsuite skipped="0" hostname="SaleJul" name="com.qaworld.EBayHomePage_Sanity" tests="1" failures="0" timestamp="2020-01-28T22:26:20 CET" time="39.878" errors="0">
  <testcase name="emptySearchTest" time="39.878" classname="com.qaworld.EBayHomePage_Sanity"/>
  <system-out/>
</testsuite> <!-- com.qaworld.EBayHomePage_Sanity -->
