<?xml version="1.0" encoding="UTF-8"?>
<!-- Generated by org.testng.reporters.JUnitReportReporter -->
<testsuite skipped="0" hostname="SaleJul" name="com.qaworld.EBayHomePage_Sanity" tests="1" failures="0" timestamp="2020-01-28T19:23:41 CET" time="31.949" errors="0">
  <testcase name="emptySearchTest" time="31.949" classname="com.qaworld.EBayHomePage_Sanity"/>
  <system-out/>
</testsuite> <!-- com.qaworld.EBayHomePage_Sanity -->
