<?xml version="1.0" encoding="UTF-8"?>
<!-- Generated by org.testng.reporters.JUnitReportReporter -->
<testsuite skipped="0" hostname="SaleJul" name="com.qaworld.EBayAdvancedSearch_Sanity" tests="4" failures="0" timestamp="2020-01-28T16:39:20 CET" time="29.450" errors="0">
  <testcase name="ebayLinkLogoNavigatesToHomepageTest" time="5.228" classname="com.qaworld.EBayAdvancedSearch_Sanity"/>
  <system-out/>
  <testcase name="advancedSearchKeywordsTest" time="8.608" classname="com.qaworld.EBayAdvancedSearch_Sanity"/>
  <system-out/>
  <testcase name="emptyAdvancedSearchTest" time="11.102" classname="com.qaworld.EBayAdvancedSearch_Sanity"/>
  <system-out/>
  <testcase name="categoryOptionsInAscendingOrderTest" time="4.512" classname="com.qaworld.EBayAdvancedSearch_Sanity"/>
  <system-out/>
</testsuite> <!-- com.qaworld.EBayAdvancedSearch_Sanity -->
